Log file created.
  File "/Users/belindamo/master/bmo-cafe/tasks/check_sf_parking_tickets/index.py", line 75
    print(f'--- START SESSION {datetime.now().strftime('%Y-%m-%d %H:%M:%S')} ---')
                                                        ^
SyntaxError: f-string: unmatched '('
  File "/Users/belindamo/master/bmo-cafe/tasks/check_sf_parking_tickets/index.py", line 75
    print(f'--- START SESSION {datetime.now().strftime('%Y-%m-%d %H:%M:%S')} ---')
                                                        ^
SyntaxError: f-string: unmatched '('
  File "/Users/belindamo/master/bmo-cafe/tasks/check_sf_parking_tickets/index.py", line 75
    print(f'--- START SESSION {datetime.now().strftime('%Y-%m-%d %H:%M:%S')} ---')
                                                        ^
SyntaxError: f-string: unmatched '('
  File "/Users/belindamo/master/bmo-cafe/tasks/check_sf_parking_tickets/index.py", line 75
    print(f'--- START SESSION {datetime.now().strftime('%Y-%m-%d %H:%M:%S')} ---')
                                                        ^
SyntaxError: f-string: unmatched '('
  File "/Users/belindamo/master/bmo-cafe/tasks/check_sf_parking_tickets/index.py", line 74
    print(f'--- START SESSION {datetime.now().strftime('%Y-%m-%d %H:%M:%S')} ---')
                                                        ^
SyntaxError: f-string: unmatched '('
  File "/Users/belindamo/master/bmo-cafe/tasks/check_sf_parking_tickets/index.py", line 74
    print(f'--- START SESSION {datetime.now().strftime('%Y-%m-%d %H:%M:%S')} ---')
                                                        ^
SyntaxError: f-string: unmatched '('
  File "/Users/belindamo/master/bmo-cafe/tasks/check_sf_parking_tickets/index.py", line 74
    print(f'--- START SESSION {datetime.now().strftime('%Y-%m-%d %H:%M:%S')} ---')
                                                        ^
SyntaxError: f-string: unmatched '('
  File "/Users/belindamo/master/bmo-cafe/tasks/check_sf_parking_tickets/index.py", line 74
    print(f'--- START SESSION {datetime.now().strftime('%Y-%m-%d %H:%M:%S')} ---')
                                                        ^
SyntaxError: f-string: unmatched '('
  File "/Users/belindamo/master/bmo-cafe/tasks/check_sf_parking_tickets/index.py", line 74
    print(f'--- START SESSION {datetime.now().strftime('%Y-%m-%d %H:%M:%S')} ---')
                                                        ^
SyntaxError: f-string: unmatched '('
  File "/Users/belindamo/master/bmo-cafe/tasks/check_sf_parking_tickets/index.py", line 74
    print(f'--- START SESSION {datetime.now().strftime('%Y-%m-%d %H:%M:%S')} ---')
                                                        ^
SyntaxError: f-string: unmatched '('
  File "/Users/belindamo/master/bmo-cafe/tasks/check_sf_parking_tickets/index.py", line 74
    print(f'--- START SESSION {datetime.now().strftime('%Y-%m-%d %H:%M:%S')} ---')
                                                        ^
SyntaxError: f-string: unmatched '('
  File "/Users/belindamo/master/bmo-cafe/tasks/check_sf_parking_tickets/index.py", line 74
    print(f'--- START SESSION {datetime.now().strftime('%Y-%m-%d %H:%M:%S')} ---')
                                                        ^
SyntaxError: f-string: unmatched '('
  File "/Users/belindamo/master/bmo-cafe/tasks/check_sf_parking_tickets/index.py", line 74
    print(f'--- START SESSION {datetime.now().strftime('%Y-%m-%d %H:%M:%S')} ---')
                                                        ^
SyntaxError: f-string: unmatched '('
  File "/Users/belindamo/master/bmo-cafe/tasks/check_sf_parking_tickets/index.py", line 74
    print(f'--- START SESSION {datetime.now().strftime('%Y-%m-%d %H:%M:%S')} ---')
                                                        ^
SyntaxError: f-string: unmatched '('
  File "/Users/belindamo/master/bmo-cafe/tasks/check_sf_parking_tickets/index.py", line 74
    print(f'--- START SESSION {datetime.now().strftime('%Y-%m-%d %H:%M:%S')} ---')
                                                        ^
SyntaxError: f-string: unmatched '('
  File "/Users/belindamo/master/bmo-cafe/tasks/check_sf_parking_tickets/index.py", line 74
    print(f'--- START SESSION {datetime.now().strftime('%Y-%m-%d %H:%M:%S')} ---')
                                                        ^
SyntaxError: f-string: unmatched '('
  File "/Users/belindamo/master/bmo-cafe/tasks/check_sf_parking_tickets/index.py", line 74
    print(f'--- START SESSION {datetime.now().strftime('%Y-%m-%d %H:%M:%S')} ---')
                                                        ^
SyntaxError: f-string: unmatched '('
  File "/Users/belindamo/master/bmo-cafe/tasks/check_sf_parking_tickets/index.py", line 74
    print(f'--- START SESSION {datetime.now().strftime('%Y-%m-%d %H:%M:%S')} ---')
                                                        ^
SyntaxError: f-string: unmatched '('
  File "/Users/belindamo/master/bmo-cafe/tasks/check_sf_parking_tickets/index.py", line 74
    print(f'--- START SESSION {datetime.now().strftime('%Y-%m-%d %H:%M:%S')} ---')
                                                        ^
SyntaxError: f-string: unmatched '('
  File "/Users/belindamo/master/bmo-cafe/tasks/check_sf_parking_tickets/index.py", line 74
    print(f'--- START SESSION {datetime.now().strftime('%Y-%m-%d %H:%M:%S')} ---')
                                                        ^
SyntaxError: f-string: unmatched '('
  File "/Users/belindamo/master/bmo-cafe/tasks/check_sf_parking_tickets/index.py", line 74
    print(f'--- START SESSION {datetime.now().strftime('%Y-%m-%d %H:%M:%S')} ---')
                                                        ^
SyntaxError: f-string: unmatched '('
  File "/Users/belindamo/master/bmo-cafe/tasks/check_sf_parking_tickets/index.py", line 74
    print(f'--- START SESSION {datetime.now().strftime('%Y-%m-%d %H:%M:%S')} ---')
                                                        ^
SyntaxError: f-string: unmatched '('
  File "/Users/belindamo/master/bmo-cafe/tasks/check_sf_parking_tickets/index.py", line 74
    print(f'--- START SESSION {datetime.now().strftime('%Y-%m-%d %H:%M:%S')} ---')
                                                        ^
SyntaxError: f-string: unmatched '('
  File "/Users/belindamo/master/bmo-cafe/tasks/check_sf_parking_tickets/index.py", line 74
    print(f'--- START SESSION {datetime.now().strftime('%Y-%m-%d %H:%M:%S')} ---')
                                                        ^
SyntaxError: f-string: unmatched '('
  File "/Users/belindamo/master/bmo-cafe/tasks/check_sf_parking_tickets/index.py", line 74
    print(f'--- START SESSION {datetime.now().strftime('%Y-%m-%d %H:%M:%S')} ---')
                                                        ^
SyntaxError: f-string: unmatched '('
  File "/Users/belindamo/master/bmo-cafe/tasks/check_sf_parking_tickets/index.py", line 74
    print(f'--- START SESSION {datetime.now().strftime('%Y-%m-%d %H:%M:%S')} ---')
                                                        ^
SyntaxError: f-string: unmatched '('
  File "/Users/belindamo/master/bmo-cafe/tasks/check_sf_parking_tickets/index.py", line 74
    print(f'--- START SESSION {datetime.now().strftime('%Y-%m-%d %H:%M:%S')} ---')
                                                        ^
SyntaxError: f-string: unmatched '('
  File "/Users/belindamo/master/bmo-cafe/tasks/check_sf_parking_tickets/index.py", line 74
    print(f'--- START SESSION {datetime.now().strftime('%Y-%m-%d %H:%M:%S')} ---')
                                                        ^
SyntaxError: f-string: unmatched '('
  File "/Users/belindamo/master/bmo-cafe/tasks/check_sf_parking_tickets/index.py", line 74
    print(f'--- START SESSION {datetime.now().strftime('%Y-%m-%d %H:%M:%S')} ---')
                                                        ^
SyntaxError: f-string: unmatched '('
  File "/Users/belindamo/master/bmo-cafe/tasks/check_sf_parking_tickets/index.py", line 74
    print(f'--- START SESSION {datetime.now().strftime('%Y-%m-%d %H:%M:%S')} ---')
                                                        ^
SyntaxError: f-string: unmatched '('
  File "/Users/belindamo/master/bmo-cafe/tasks/check_sf_parking_tickets/index.py", line 74
    print(f'--- START SESSION {datetime.now().strftime('%Y-%m-%d %H:%M:%S')} ---')
                                                        ^
SyntaxError: f-string: unmatched '('
  File "/Users/belindamo/master/bmo-cafe/tasks/check_sf_parking_tickets/index.py", line 67
    print(f'--- START SESSION {datetime.now().strftime('%Y-%m-%d %H:%M:%S')} ---')
                                                        ^
SyntaxError: f-string: unmatched '('
  File "/Users/belindamo/master/bmo-cafe/tasks/check_sf_parking_tickets/index.py", line 67
    print(f'--- START SESSION {datetime.now().strftime('%Y-%m-%d %H:%M:%S')} ---')
                                                        ^
SyntaxError: f-string: unmatched '('
  File "/Users/belindamo/master/bmo-cafe/tasks/check_sf_parking_tickets/index.py", line 67
    print(f'--- START SESSION {datetime.now().strftime('%Y-%m-%d %H:%M:%S')} ---')
                                                        ^
SyntaxError: f-string: unmatched '('
  File "/Users/belindamo/master/bmo-cafe/tasks/check_sf_parking_tickets/index.py", line 67
    print(f'--- START SESSION {datetime.now().strftime('%Y-%m-%d %H:%M:%S')} ---')
                                                        ^
SyntaxError: f-string: unmatched '('
  File "/Users/belindamo/master/bmo-cafe/tasks/check_sf_parking_tickets/index.py", line 67
    print(f'--- START SESSION {datetime.now().strftime('%Y-%m-%d %H:%M:%S')} ---')
                                                        ^
SyntaxError: f-string: unmatched '('
  File "/Users/belindamo/master/bmo-cafe/tasks/check_sf_parking_tickets/index.py", line 67
    print(f'--- START SESSION {datetime.now().strftime('%Y-%m-%d %H:%M:%S')} ---')
                                                        ^
SyntaxError: f-string: unmatched '('
  File "/Users/belindamo/master/bmo-cafe/tasks/check_sf_parking_tickets/index.py", line 67
    print(f'--- START SESSION {datetime.now().strftime('%Y-%m-%d %H:%M:%S')} ---')
                                                        ^
SyntaxError: f-string: unmatched '('
  File "/Users/belindamo/master/bmo-cafe/tasks/check_sf_parking_tickets/index.py", line 67
    print(f'--- START SESSION {datetime.now().strftime('%Y-%m-%d %H:%M:%S')} ---')
                                                        ^
SyntaxError: f-string: unmatched '('
  File "/Users/belindamo/master/bmo-cafe/tasks/check_sf_parking_tickets/index.py", line 67
    print(f'--- START SESSION {datetime.now().strftime('%Y-%m-%d %H:%M:%S')} ---')
                                                        ^
SyntaxError: f-string: unmatched '('
  File "/Users/belindamo/master/bmo-cafe/tasks/check_sf_parking_tickets/index.py", line 67
    print(f'--- START SESSION {datetime.now().strftime('%Y-%m-%d %H:%M:%S')} ---')
                                                        ^
SyntaxError: f-string: unmatched '('
